<?xml version="1.0" encoding="UTF-8"?>
<!-- Generated by org.testng.reporters.JUnitReportReporter -->
<testsuite hostname="Shubham-Tripathi" failures="0" tests="1" name="demo.LoginTest" time="153.628" errors="0" timestamp="2024-09-17T20:54:32 IST" skipped="0">
  <testcase classname="demo.LoginTest" name="loginIntoApp" time="153.628"/>
</testsuite> <!-- demo.LoginTest -->
